<?xml version="1.0" encoding="UTF-8"?>
<!-- Generated by org.testng.reporters.JUnitXMLReporter -->
<testsuite hostname="LAPTOP-UK7PKGHG" name="Test" tests="4" failures="0" timestamp="3 Apr 2021 17:38:51 GMT" time="0.053" errors="0">
  <testcase name="tc01_checktitle" time="0.021" classname="jenkinDemo.TestNGAttribute3"/>
  <testcase name="tc_01_VerifyDashboardPage" time="0.0" classname="jenkinDemo.TestNGAttribute3"/>
  <testcase name="tc01_checktitle" time="0.0" classname="jenkinDemo.TestNGAttribute2"/>
  <testcase name="tc_01_VerifyHomePage" time="0.0" classname="jenkinDemo.TestNGAttribute2"/>
</testsuite> <!-- Test -->
