<?xml version="1.0" encoding="UTF-8"?>
<!-- Generated by org.testng.reporters.JUnitXMLReporter -->
<testsuite hostname="LAPTOP-UK7PKGHG" ignored="3" name="Test(failed)" tests="1" failures="0" timestamp="2021-03-20T11:20:33 IST" time="14.494" errors="0">
  <testcase name="TC01_LoginWrong" time="14.359" classname="testNGReport.TestNGReport3"/>
  <testcase name="test3tc03_three" time="0.0" classname="testNGReport.TestNGReport3">
    <ignored/>
  </testcase> <!-- test3tc03_three -->
  <testcase name="test3tc02_two" time="0.0" classname="testNGReport.TestNGReport3">
    <ignored/>
  </testcase> <!-- test3tc02_two -->
  <testcase name="tes3ttc01_one" time="0.0" classname="testNGReport.TestNGReport3">
    <ignored/>
  </testcase> <!-- tes3ttc01_one -->
</testsuite> <!-- Test(failed) -->
