<?xml version="1.0" encoding="UTF-8"?>
<testng-results skipped="0" failed="0" total="4" passed="4">
  <reporter-output>
  </reporter-output>
  <suite name="Suite" duration-ms="53" started-at="2021-04-03T17:38:50Z" finished-at="2021-04-03T17:38:50Z">
    <groups>
    </groups>
    <test name="Test" duration-ms="53" started-at="2021-04-03T17:38:50Z" finished-at="2021-04-03T17:38:50Z">
      <class name="jenkinDemo.TestNGAttribute2">
        <test-method status="PASS" signature="tc_01_VerifyHomePage()[pri:0, instance:jenkinDemo.TestNGAttribute2@5ea434c8]" name="tc_01_VerifyHomePage" duration-ms="0" started-at="2021-04-03T23:08:50Z" description="Verify facebook homepage getting displayed" finished-at="2021-04-03T23:08:50Z">
          <reporter-output>
          </reporter-output>
        </test-method> <!-- tc_01_VerifyHomePage -->
        <test-method status="PASS" signature="tc01_checktitle()[pri:0, instance:jenkinDemo.TestNGAttribute2@5ea434c8]" name="tc01_checktitle" duration-ms="0" started-at="2021-04-03T23:08:50Z" finished-at="2021-04-03T23:08:50Z">
          <reporter-output>
          </reporter-output>
        </test-method> <!-- tc01_checktitle -->
      </class> <!-- jenkinDemo.TestNGAttribute2 -->
      <class name="jenkinDemo.TestNGAttribute3">
        <test-method status="PASS" signature="tc01_checktitle()[pri:0, instance:jenkinDemo.TestNGAttribute3@4c40b76e]" name="tc01_checktitle" duration-ms="21" started-at="2021-04-03T23:08:50Z" finished-at="2021-04-03T23:08:50Z">
          <reporter-output>
          </reporter-output>
        </test-method> <!-- tc01_checktitle -->
        <test-method status="PASS" signature="tc_01_VerifyDashboardPage()[pri:0, instance:jenkinDemo.TestNGAttribute3@4c40b76e]" name="tc_01_VerifyDashboardPage" duration-ms="0" started-at="2021-04-03T23:08:50Z" description="Verify tc_01_VerifyDashboardPage homepage getting displayed" finished-at="2021-04-03T23:08:50Z">
          <reporter-output>
          </reporter-output>
        </test-method> <!-- tc_01_VerifyDashboardPage -->
      </class> <!-- jenkinDemo.TestNGAttribute3 -->
    </test> <!-- Test -->
  </suite> <!-- Suite -->
</testng-results>
